[1.454s] Invoking command in '/home/autolab/ros2_ws/src/my_robot_controller': PYTHONPATH=/home/autolab/ros2_ws/build/my_robot_controller/prefix_override:/home/autolab/ros2_ws/install/my_robot_controller/lib/python3.10/site-packages:${PYTHONPATH} /usr/bin/python3 -W ignore:setup.py install is deprecated setup.py egg_info --egg-base ../../build/my_robot_controller build --build-base /home/autolab/ros2_ws/build/my_robot_controller/build install --record /home/autolab/ros2_ws/build/my_robot_controller/install.log --single-version-externally-managed install_data
[1.810s] running egg_info
[1.811s] writing ../../build/my_robot_controller/my_robot_controller.egg-info/PKG-INFO
[1.811s] writing dependency_links to ../../build/my_robot_controller/my_robot_controller.egg-info/dependency_links.txt
[1.811s] writing entry points to ../../build/my_robot_controller/my_robot_controller.egg-info/entry_points.txt
[1.811s] writing requirements to ../../build/my_robot_controller/my_robot_controller.egg-info/requires.txt
[1.811s] writing top-level names to ../../build/my_robot_controller/my_robot_controller.egg-info/top_level.txt
[1.813s] reading manifest file '../../build/my_robot_controller/my_robot_controller.egg-info/SOURCES.txt'
[1.814s] writing manifest file '../../build/my_robot_controller/my_robot_controller.egg-info/SOURCES.txt'
[1.814s] running build
[1.814s] running build_py
[1.814s] copying my_robot_controller/av_nav.py -> /home/autolab/ros2_ws/build/my_robot_controller/build/lib/my_robot_controller
[1.815s] copying my_robot_controller/navigation.py -> /home/autolab/ros2_ws/build/my_robot_controller/build/lib/my_robot_controller
[1.815s] running install
[1.815s] running install_lib
[1.816s] copying /home/autolab/ros2_ws/build/my_robot_controller/build/lib/my_robot_controller/av_nav.py -> /home/autolab/ros2_ws/install/my_robot_controller/lib/python3.10/site-packages/my_robot_controller
[1.816s] copying /home/autolab/ros2_ws/build/my_robot_controller/build/lib/my_robot_controller/navigation.py -> /home/autolab/ros2_ws/install/my_robot_controller/lib/python3.10/site-packages/my_robot_controller
[1.816s] byte-compiling /home/autolab/ros2_ws/install/my_robot_controller/lib/python3.10/site-packages/my_robot_controller/av_nav.py to av_nav.cpython-310.pyc
[1.817s] byte-compiling /home/autolab/ros2_ws/install/my_robot_controller/lib/python3.10/site-packages/my_robot_controller/navigation.py to navigation.cpython-310.pyc
[1.818s] running install_data
[1.818s] copying package.xml -> /home/autolab/ros2_ws/install/my_robot_controller/share/my_robot_controller
[1.818s] copying maps/map.yaml -> /home/autolab/ros2_ws/install/my_robot_controller/share/my_robot_controller/maps
[1.818s] copying launch/my_av_navi.launch.py -> /home/autolab/ros2_ws/install/my_robot_controller/share/my_robot_controller/launch
[1.819s] running install_egg_info
[1.820s] removing '/home/autolab/ros2_ws/install/my_robot_controller/lib/python3.10/site-packages/my_robot_controller-0.0.0-py3.10.egg-info' (and everything under it)
[1.820s] Copying ../../build/my_robot_controller/my_robot_controller.egg-info to /home/autolab/ros2_ws/install/my_robot_controller/lib/python3.10/site-packages/my_robot_controller-0.0.0-py3.10.egg-info
[1.821s] running install_scripts
[1.841s] Installing av_navigation script to /home/autolab/ros2_ws/install/my_robot_controller/lib/my_robot_controller
[1.841s] Installing controller script to /home/autolab/ros2_ws/install/my_robot_controller/lib/my_robot_controller
[1.841s] Installing draw_circle script to /home/autolab/ros2_ws/install/my_robot_controller/lib/my_robot_controller
[1.841s] Installing mapping script to /home/autolab/ros2_ws/install/my_robot_controller/lib/my_robot_controller
[1.841s] Installing navigation script to /home/autolab/ros2_ws/install/my_robot_controller/lib/my_robot_controller
[1.841s] Installing pose_sub script to /home/autolab/ros2_ws/install/my_robot_controller/lib/my_robot_controller
[1.841s] Installing test_node script to /home/autolab/ros2_ws/install/my_robot_controller/lib/my_robot_controller
[1.842s] writing list of installed files to '/home/autolab/ros2_ws/build/my_robot_controller/install.log'
[1.867s] Invoked command in '/home/autolab/ros2_ws/src/my_robot_controller' returned '0': PYTHONPATH=/home/autolab/ros2_ws/build/my_robot_controller/prefix_override:/home/autolab/ros2_ws/install/my_robot_controller/lib/python3.10/site-packages:${PYTHONPATH} /usr/bin/python3 -W ignore:setup.py install is deprecated setup.py egg_info --egg-base ../../build/my_robot_controller build --build-base /home/autolab/ros2_ws/build/my_robot_controller/build install --record /home/autolab/ros2_ws/build/my_robot_controller/install.log --single-version-externally-managed install_data
