[1.377s] Invoking command in '/home/autolab/ros2_ws/src/turtlebot3/turtlebot3_example': PYTHONPATH=/home/autolab/ros2_ws/build/turtlebot3_example/prefix_override:/home/autolab/ros2_ws/install/turtlebot3_example/lib/python3.10/site-packages:${PYTHONPATH} /usr/bin/python3 setup.py egg_info --egg-base ../../../build/turtlebot3_example build --build-base /home/autolab/ros2_ws/build/turtlebot3_example/build install --record /home/autolab/ros2_ws/build/turtlebot3_example/install.log --single-version-externally-managed
[1.551s] /usr/lib/python3/dist-packages/setuptools/command/install.py:34: SetuptoolsDeprecationWarning: setup.py install is deprecated. Use build and pip and other standards-based tools.
[1.551s]   warnings.warn(
[1.551s] running egg_info
[1.551s] writing ../../../build/turtlebot3_example/turtlebot3_example.egg-info/PKG-INFO
[1.551s] writing dependency_links to ../../../build/turtlebot3_example/turtlebot3_example.egg-info/dependency_links.txt
[1.551s] writing entry points to ../../../build/turtlebot3_example/turtlebot3_example.egg-info/entry_points.txt
[1.551s] writing requirements to ../../../build/turtlebot3_example/turtlebot3_example.egg-info/requires.txt
[1.552s] writing top-level names to ../../../build/turtlebot3_example/turtlebot3_example.egg-info/top_level.txt
[1.552s] reading manifest file '../../../build/turtlebot3_example/turtlebot3_example.egg-info/SOURCES.txt'
[1.552s] writing manifest file '../../../build/turtlebot3_example/turtlebot3_example.egg-info/SOURCES.txt'
[1.552s] running build
[1.552s] running build_py
[1.552s] running install
[1.552s] running install_lib
[1.552s] running install_data
[1.552s] running install_egg_info
[1.552s] removing '/home/autolab/ros2_ws/install/turtlebot3_example/lib/python3.10/site-packages/turtlebot3_example-2.1.5-py3.10.egg-info' (and everything under it)
[1.552s] Copying ../../../build/turtlebot3_example/turtlebot3_example.egg-info to /home/autolab/ros2_ws/install/turtlebot3_example/lib/python3.10/site-packages/turtlebot3_example-2.1.5-py3.10.egg-info
[1.552s] running install_scripts
[1.559s] Installing turtlebot3_obstacle_detection script to /home/autolab/ros2_ws/install/turtlebot3_example/lib/turtlebot3_example
[1.559s] Installing turtlebot3_patrol_client script to /home/autolab/ros2_ws/install/turtlebot3_example/lib/turtlebot3_example
[1.559s] Installing turtlebot3_patrol_server script to /home/autolab/ros2_ws/install/turtlebot3_example/lib/turtlebot3_example
[1.560s] Installing turtlebot3_position_control script to /home/autolab/ros2_ws/install/turtlebot3_example/lib/turtlebot3_example
[1.560s] writing list of installed files to '/home/autolab/ros2_ws/build/turtlebot3_example/install.log'
[1.671s] Invoked command in '/home/autolab/ros2_ws/src/turtlebot3/turtlebot3_example' returned '0': PYTHONPATH=/home/autolab/ros2_ws/build/turtlebot3_example/prefix_override:/home/autolab/ros2_ws/install/turtlebot3_example/lib/python3.10/site-packages:${PYTHONPATH} /usr/bin/python3 setup.py egg_info --egg-base ../../../build/turtlebot3_example build --build-base /home/autolab/ros2_ws/build/turtlebot3_example/build install --record /home/autolab/ros2_ws/build/turtlebot3_example/install.log --single-version-externally-managed
